Configuring adjunctions-4.2.1...
Building adjunctions-4.2.1...
Preprocessing library adjunctions-4.2.1...
[ 1 of 11] Compiling Data.Functor.Contravariant.Rep ( src/Data/Functor/Contravariant/Rep.hs, dist/dist-sandbox-b0cde968/build/Data/Functor/Contravariant/Rep.o )
[ 2 of 11] Compiling Control.Monad.Trans.Conts ( src/Control/Monad/Trans/Conts.hs, dist/dist-sandbox-b0cde968/build/Control/Monad/Trans/Conts.o )
[ 3 of 11] Compiling Data.Functor.Contravariant.Adjunction ( src/Data/Functor/Contravariant/Adjunction.hs, dist/dist-sandbox-b0cde968/build/Data/Functor/Contravariant/Adjunction.o )
[ 4 of 11] Compiling Control.Monad.Trans.Contravariant.Adjoint ( src/Control/Monad/Trans/Contravariant/Adjoint.hs, dist/dist-sandbox-b0cde968/build/Control/Monad/Trans/Contravariant/Adjoint.o )
[ 5 of 11] Compiling Data.Functor.Rep ( src/Data/Functor/Rep.hs, dist/dist-sandbox-b0cde968/build/Data/Functor/Rep.o )
[ 6 of 11] Compiling Data.Functor.Adjunction ( src/Data/Functor/Adjunction.hs, dist/dist-sandbox-b0cde968/build/Data/Functor/Adjunction.o )
[ 7 of 11] Compiling Control.Comonad.Trans.Adjoint ( src/Control/Comonad/Trans/Adjoint.hs, dist/dist-sandbox-b0cde968/build/Control/Comonad/Trans/Adjoint.o )
[ 8 of 11] Compiling Control.Monad.Trans.Adjoint ( src/Control/Monad/Trans/Adjoint.hs, dist/dist-sandbox-b0cde968/build/Control/Monad/Trans/Adjoint.o )
[ 9 of 11] Compiling Control.Monad.Representable.Reader ( src/Control/Monad/Representable/Reader.hs, dist/dist-sandbox-b0cde968/build/Control/Monad/Representable/Reader.o )
[10 of 11] Compiling Control.Monad.Representable.State ( src/Control/Monad/Representable/State.hs, dist/dist-sandbox-b0cde968/build/Control/Monad/Representable/State.o )
[11 of 11] Compiling Control.Comonad.Representable.Store ( src/Control/Comonad/Representable/Store.hs, dist/dist-sandbox-b0cde968/build/Control/Comonad/Representable/Store.o )
In-place registering adjunctions-4.2.1...
Creating package registration file:
/var/folders/c2/0y63zppd5j1d40yyj31b3t3w0000gp/T/pkgConf-adjunctions-4.24198.1
Installing library in
/Users/Lucia/GitHub/main/maps/.cabal-sandbox/lib/x86_64-osx-ghc-7.8.3/adjunctions-4.2.1
Registering adjunctions-4.2.1...
