Configuring curl-1.3.8...
checking for gcc... gcc
checking for C compiler default output file name... a.out
checking whether the C compiler works... yes
checking whether we are cross compiling... no
checking for suffix of executables... 
checking for suffix of object files... o
checking whether we are using the GNU C compiler... yes
checking whether gcc accepts -g... yes
checking for gcc option to accept ANSI C... none needed
checking how to run the C preprocessor... gcc -E
configure: creating ./config.status
config.status: creating curl.buildinfo
Building curl-1.3.8...
Preprocessing library curl-1.3.8...
[1 of 8] Compiling Network.Curl.Debug ( Network/Curl/Debug.hs, dist/dist-sandbox-b0cde968/build/Network/Curl/Debug.o )
[2 of 8] Compiling Network.Curl.Code ( Network/Curl/Code.hs, dist/dist-sandbox-b0cde968/build/Network/Curl/Code.o )
[3 of 8] Compiling Network.Curl.Types ( Network/Curl/Types.hs, dist/dist-sandbox-b0cde968/build/Network/Curl/Types.o )
[4 of 8] Compiling Network.Curl.Info ( Network/Curl/Info.hs, dist/dist-sandbox-b0cde968/build/Network/Curl/Info.o )
[5 of 8] Compiling Network.Curl.Post ( Network/Curl/Post.hs, dist/dist-sandbox-b0cde968/build/Network/Curl/Post.o )
[6 of 8] Compiling Network.Curl.Opts ( Network/Curl/Opts.hs, dist/dist-sandbox-b0cde968/build/Network/Curl/Opts.o )
[7 of 8] Compiling Network.Curl.Easy ( Network/Curl/Easy.hs, dist/dist-sandbox-b0cde968/build/Network/Curl/Easy.o )
[8 of 8] Compiling Network.Curl     ( Network/Curl.hs, dist/dist-sandbox-b0cde968/build/Network/Curl.o )
In-place registering curl-1.3.8...
Creating package registration file:
/var/folders/c2/0y63zppd5j1d40yyj31b3t3w0000gp/T/pkgConf-curl-1.312694.8
Installing library in
/Users/Lucia/GitHub/main/maps/.cabal-sandbox/lib/x86_64-osx-ghc-7.8.3/curl-1.3.8
Registering curl-1.3.8...
