Configuring diagrams-core-1.3.0.2...
Building diagrams-core-1.3.0.2...
Preprocessing library diagrams-core-1.3.0.2...
[ 1 of 14] Compiling Diagrams.Core.V  ( src/Diagrams/Core/V.hs, dist/dist-sandbox-b0cde968/build/Diagrams/Core/V.o )
[ 2 of 14] Compiling Diagrams.Core.Points ( src/Diagrams/Core/Points.hs, dist/dist-sandbox-b0cde968/build/Diagrams/Core/Points.o )
[ 3 of 14] Compiling Diagrams.Core.Measure ( src/Diagrams/Core/Measure.hs, dist/dist-sandbox-b0cde968/build/Diagrams/Core/Measure.o )
[ 4 of 14] Compiling Diagrams.Core.HasOrigin ( src/Diagrams/Core/HasOrigin.hs, dist/dist-sandbox-b0cde968/build/Diagrams/Core/HasOrigin.o )
[ 5 of 14] Compiling Diagrams.Core.Transform ( src/Diagrams/Core/Transform.hs, dist/dist-sandbox-b0cde968/build/Diagrams/Core/Transform.o )
[ 6 of 14] Compiling Diagrams.Core.Names ( src/Diagrams/Core/Names.hs, dist/dist-sandbox-b0cde968/build/Diagrams/Core/Names.o )
[ 7 of 14] Compiling Diagrams.Core.Query ( src/Diagrams/Core/Query.hs, dist/dist-sandbox-b0cde968/build/Diagrams/Core/Query.o )
[ 8 of 14] Compiling Diagrams.Core.Style ( src/Diagrams/Core/Style.hs, dist/dist-sandbox-b0cde968/build/Diagrams/Core/Style.o )
[ 9 of 14] Compiling Diagrams.Core.Trace ( src/Diagrams/Core/Trace.hs, dist/dist-sandbox-b0cde968/build/Diagrams/Core/Trace.o )
[10 of 14] Compiling Diagrams.Core.Envelope ( src/Diagrams/Core/Envelope.hs, dist/dist-sandbox-b0cde968/build/Diagrams/Core/Envelope.o )
[11 of 14] Compiling Diagrams.Core.Juxtapose ( src/Diagrams/Core/Juxtapose.hs, dist/dist-sandbox-b0cde968/build/Diagrams/Core/Juxtapose.o )
[12 of 14] Compiling Diagrams.Core.Types ( src/Diagrams/Core/Types.hs, dist/dist-sandbox-b0cde968/build/Diagrams/Core/Types.o )
[13 of 14] Compiling Diagrams.Core.Compile ( src/Diagrams/Core/Compile.hs, dist/dist-sandbox-b0cde968/build/Diagrams/Core/Compile.o )
[14 of 14] Compiling Diagrams.Core    ( src/Diagrams/Core.hs, dist/dist-sandbox-b0cde968/build/Diagrams/Core.o )
In-place registering diagrams-core-1.3.0.2...
Creating package registration file:
/var/folders/c2/0y63zppd5j1d40yyj31b3t3w0000gp/T/pkgConf-diagrams-core-1.3.04198.2
Installing library in
/Users/Lucia/GitHub/main/maps/.cabal-sandbox/lib/x86_64-osx-ghc-7.8.3/diagrams-core-1.3.0.2
Registering diagrams-core-1.3.0.2...
